SF:03_enums_unions_match.py
DA:1,1
DA:2,1
DA:3,1
DA:4,1
DA:5,1
DA:8,1
DA:9,1
DA:10,1
DA:11,1
DA:12,1
DA:13,1
DA:14,1
DA:15,1
DA:16,1
DA:17,1
DA:18,1
DA:19,1
DA:20,1
DA:21,1
DA:22,1
DA:23,1
DA:24,1
DA:25,0
DA:26,1
DA:27,0
DA:28,1
DA:29,0
DA:30,1
DA:31,0
DA:32,1
DA:33,0
DA:34,1
LF:32
LH:27
FN:8,9,area
FNDA:1,area
FN:10,11,classify
FNDA:1,classify
FN:12,13,turnRight
FNDA:1,turnRight
FN:14,21,main
FNDA:1,main
FN:22,23,print
FNDA:1,print
FN:24,25,readText
FNDA:0,readText
FN:26,27,writeText
FNDA:0,writeText
FN:28,29,appendText
FNDA:0,appendText
FN:30,31,fileExists
FNDA:0,fileExists
FN:32,33,deleteFile
FNDA:0,deleteFile
FNF:10
FNH:5
end_of_record
