<?xml version="1.0" encoding="UTF-8"?>
<coverage line-rate="1.0000" branch-rate="1" lines-covered="10" lines-valid="10" branches-covered="0" branches-valid="0" complexity="0" version="1.9" timestamp="0">
  <sources>
    <source>.</source>
  </sources>
  <packages>
    <package name="polyglot" line-rate="1.0000" branch-rate="1" complexity="0">
      <classes>
        <class name="03_enums_unions_match" filename="docs/lang/samples/03_enums_unions_match.pg" line-rate="1.0000" branch-rate="1" complexity="0">
          <methods/>
          <lines>
            <line number="18" hits="1" branch="false"/>
            <line number="26" hits="1" branch="false"/>
            <line number="33" hits="1" branch="false"/>
            <line number="40" hits="1" branch="false"/>
            <line number="41" hits="1" branch="false"/>
            <line number="42" hits="1" branch="false"/>
            <line number="44" hits="1" branch="false"/>
            <line number="45" hits="1" branch="false"/>
            <line number="46" hits="1" branch="false"/>
            <line number="48" hits="1" branch="false"/>
          </lines>
        </class>
      </classes>
    </package>
  </packages>
</coverage>
